<?xml version="1.0" encoding="UTF-8"?>
<testsuite name="com.aor.refactoring.example2.ShapeTest" tests="6" skipped="0" failures="0" errors="0" timestamp="2021-04-02T14:04:07" hostname="LAPTOP-4MFK8EAF" time="0.391">
  <properties/>
  <testcase name="getAreaRectangle" classname="com.aor.refactoring.example2.ShapeTest" time="0.003"/>
  <testcase name="getPerimeterCircle" classname="com.aor.refactoring.example2.ShapeTest" time="0.0"/>
  <testcase name="drawCircle" classname="com.aor.refactoring.example2.ShapeTest" time="0.384"/>
  <testcase name="getAreaCircle" classname="com.aor.refactoring.example2.ShapeTest" time="0.0"/>
  <testcase name="getPerimeterRectangle" classname="com.aor.refactoring.example2.ShapeTest" time="0.0"/>
  <testcase name="drawRectangle" classname="com.aor.refactoring.example2.ShapeTest" time="0.004"/>
  <system-out><![CDATA[]]></system-out>
  <system-err><![CDATA[]]></system-err>
</testsuite>
